2018-08-13 10:56:55 - PHP Notice:  Undefined index: ru-ru in C:\OSPanel\domains\chirginuri.loc\catalog\controller\startup\startup.php on line 109
2018-08-13 10:56:55 - PHP Notice:  Undefined index: ru-ru in C:\OSPanel\domains\chirginuri.loc\catalog\controller\startup\startup.php on line 109
2018-08-13 10:57:47 - PHP Notice:  Undefined index: ru-ru in C:\OSPanel\domains\chirginuri.loc\catalog\controller\startup\startup.php on line 109
2018-08-13 10:57:47 - PHP Notice:  Undefined index: ru-ru in C:\OSPanel\domains\chirginuri.loc\catalog\controller\startup\startup.php on line 109
2018-08-13 10:57:52 - PHP Notice:  Undefined index: ru-ru in C:\OSPanel\domains\chirginuri.loc\catalog\controller\startup\startup.php on line 109
2018-08-13 10:57:52 - PHP Notice:  Undefined index: product_id in C:\OSPanel\domains\chirginuri.loc\catalog\controller\extension\module\octabproducts.php on line 203
2018-08-13 10:57:52 - PHP Notice:  Undefined index: description in C:\OSPanel\domains\chirginuri.loc\catalog\controller\extension\module\octabproducts.php on line 206
2018-08-13 10:57:52 - PHP Notice:  Undefined index: product_id in C:\OSPanel\domains\chirginuri.loc\catalog\controller\extension\module\octabproducts.php on line 211
2018-08-13 10:57:52 - PHP Notice:  Undefined index: manufacturer in C:\OSPanel\domains\chirginuri.loc\catalog\controller\extension\module\octabproducts.php on line 215
2018-08-13 10:57:52 - PHP Notice:  Undefined index: manufacturer_id in C:\OSPanel\domains\chirginuri.loc\catalog\controller\extension\module\octabproducts.php on line 216
2018-08-13 10:57:52 - PHP Notice:  Undefined index: product_id in C:\OSPanel\domains\chirginuri.loc\catalog\controller\extension\module\octabproducts.php on line 203
2018-08-13 10:57:52 - PHP Notice:  Undefined index: description in C:\OSPanel\domains\chirginuri.loc\catalog\controller\extension\module\octabproducts.php on line 206
2018-08-13 10:57:52 - PHP Notice:  Undefined index: product_id in C:\OSPanel\domains\chirginuri.loc\catalog\controller\extension\module\octabproducts.php on line 211
2018-08-13 10:57:52 - PHP Notice:  Undefined index: manufacturer in C:\OSPanel\domains\chirginuri.loc\catalog\controller\extension\module\octabproducts.php on line 215
2018-08-13 10:57:52 - PHP Notice:  Undefined index: manufacturer_id in C:\OSPanel\domains\chirginuri.loc\catalog\controller\extension\module\octabproducts.php on line 216
2018-08-13 10:57:52 - PHP Notice:  Undefined index: product_id in C:\OSPanel\domains\chirginuri.loc\catalog\controller\extension\module\octabproducts.php on line 203
2018-08-13 10:57:52 - PHP Notice:  Undefined index: description in C:\OSPanel\domains\chirginuri.loc\catalog\controller\extension\module\octabproducts.php on line 206
2018-08-13 10:57:52 - PHP Notice:  Undefined index: product_id in C:\OSPanel\domains\chirginuri.loc\catalog\controller\extension\module\octabproducts.php on line 211
2018-08-13 10:57:52 - PHP Notice:  Undefined index: manufacturer in C:\OSPanel\domains\chirginuri.loc\catalog\controller\extension\module\octabproducts.php on line 215
2018-08-13 10:57:52 - PHP Notice:  Undefined index: manufacturer_id in C:\OSPanel\domains\chirginuri.loc\catalog\controller\extension\module\octabproducts.php on line 216
2018-08-13 10:57:52 - PHP Notice:  Undefined index: ru-ru in C:\OSPanel\domains\chirginuri.loc\catalog\controller\startup\startup.php on line 109
2018-08-13 11:13:48 - PHP Notice:  Undefined index: ru-ru in C:\OSPanel\domains\chirginuri.loc\catalog\controller\extension\module\octabproducts.php on line 225
2018-08-13 11:13:48 - PHP Notice:  Undefined index: ru-ru in C:\OSPanel\domains\chirginuri.loc\catalog\controller\extension\module\octabproducts.php on line 225
2018-08-13 11:13:48 - PHP Notice:  Undefined index: ru-ru in C:\OSPanel\domains\chirginuri.loc\catalog\controller\extension\module\octabproducts.php on line 225
2018-08-13 11:13:48 - PHP Notice:  Undefined index: ru-ru in C:\OSPanel\domains\chirginuri.loc\catalog\controller\extension\module\octabproducts.php on line 225
2018-08-13 11:18:39 - PHP Notice:  Undefined index: ru-ru in C:\OSPanel\domains\chirginuri.loc\catalog\controller\extension\module\octabproducts.php on line 225
2018-08-13 11:18:39 - PHP Notice:  Undefined index: ru-ru in C:\OSPanel\domains\chirginuri.loc\catalog\controller\extension\module\octabproducts.php on line 225
2018-08-13 11:18:39 - PHP Notice:  Undefined index: ru-ru in C:\OSPanel\domains\chirginuri.loc\catalog\controller\extension\module\octabproducts.php on line 225
2018-08-13 11:18:39 - PHP Notice:  Undefined index: ru-ru in C:\OSPanel\domains\chirginuri.loc\catalog\controller\extension\module\octabproducts.php on line 225
2018-08-13 11:20:46 - PHP Notice:  Undefined index: ru-ru in C:\OSPanel\domains\chirginuri.loc\catalog\controller\extension\module\octabproducts.php on line 225
2018-08-13 11:20:46 - PHP Notice:  Undefined index: ru-ru in C:\OSPanel\domains\chirginuri.loc\catalog\controller\extension\module\octabproducts.php on line 225
2018-08-13 11:20:46 - PHP Notice:  Undefined index: ru-ru in C:\OSPanel\domains\chirginuri.loc\catalog\controller\extension\module\octabproducts.php on line 225
2018-08-13 11:20:46 - PHP Notice:  Undefined index: ru-ru in C:\OSPanel\domains\chirginuri.loc\catalog\controller\extension\module\octabproducts.php on line 225
2018-08-13 11:21:14 - PHP Notice:  Undefined index: ru-ru in C:\OSPanel\domains\chirginuri.loc\catalog\controller\extension\module\octabproducts.php on line 225
2018-08-13 11:21:14 - PHP Notice:  Undefined index: ru-ru in C:\OSPanel\domains\chirginuri.loc\catalog\controller\extension\module\octabproducts.php on line 225
2018-08-13 11:21:14 - PHP Notice:  Undefined index: ru-ru in C:\OSPanel\domains\chirginuri.loc\catalog\controller\extension\module\octabproducts.php on line 225
2018-08-13 11:21:14 - PHP Notice:  Undefined index: ru-ru in C:\OSPanel\domains\chirginuri.loc\catalog\controller\extension\module\octabproducts.php on line 225
2018-08-13 11:21:33 - PHP Notice:  Undefined index: ru-ru in C:\OSPanel\domains\chirginuri.loc\catalog\controller\extension\module\octabproducts.php on line 225
2018-08-13 11:21:33 - PHP Notice:  Undefined index: ru-ru in C:\OSPanel\domains\chirginuri.loc\catalog\controller\extension\module\octabproducts.php on line 225
2018-08-13 11:21:33 - PHP Notice:  Undefined index: ru-ru in C:\OSPanel\domains\chirginuri.loc\catalog\controller\extension\module\octabproducts.php on line 225
2018-08-13 11:21:33 - PHP Notice:  Undefined index: ru-ru in C:\OSPanel\domains\chirginuri.loc\catalog\controller\extension\module\octabproducts.php on line 225
